Change Component Designator: Old Designator=C77 New Designator=C82
Change Component Designator: Old Designator=C78 New Designator=C83
Change Component Designator: Old Designator=C79 New Designator=C85
Change Component Designator: Old Designator=C80 New Designator=C86
Change Component Designator: Old Designator=C81 New Designator=C87
Change Component Designator: Old Designator=C82 New Designator=C88
Change Component Designator: Old Designator=C83 New Designator=C89
Change Component Designator: Old Designator=C84 New Designator=C90
Change Component Designator: Old Designator=C85 New Designator=C91
Change Component Designator: Old Designator=C86 New Designator=C92
Change Component Designator: Old Designator=C87 New Designator=C93
Change Component Designator: Old Designator=C88 New Designator=C94
Change Component Designator: Old Designator=C89 New Designator=C95
Change Component Designator: Old Designator=C90 New Designator=C96
Change Component Designator: Old Designator=C91 New Designator=C97
Change Component Designator: Old Designator=C92 New Designator=C98
Change Component Designator: Old Designator=C93 New Designator=C99
Change Component Designator: Old Designator=C94 New Designator=C100
Change Component Designator: Old Designator=C95 New Designator=C101
Change Component Designator: Old Designator=C96 New Designator=C102
Change Component Designator: Old Designator=C? New Designator=C84
Change Component Designator: Old Designator=L3 New Designator=L4
Change Component Designator: Old Designator=L4 New Designator=L5
Change Component Designator: Old Designator=L5 New Designator=L6
Change Component Designator: Old Designator=R19 New Designator=R20
Change Component Designator: Old Designator=R20 New Designator=R22
Change Component Designator: Old Designator=R21 New Designator=R23
Change Component Designator: Old Designator=R22 New Designator=R25
Change Component Designator: Old Designator=R23 New Designator=R26
Change Component Designator: Old Designator=R? New Designator=R21
Change Component Designator: Old Designator=R? New Designator=R24
Change Component Designator: Old Designator=TVS3 New Designator=TVS2
Change Component Designator: Old Designator=TVS4 New Designator=TVS3
Change Component Designator: Old Designator=TVS5 New Designator=TVS4
