Removed Member From Class: ClassName=50R extRAM Member=extRAM_DQ0
Removed Member From Class: ClassName=50R extRAM Member=extRAM_DQ1
Removed Member From Class: ClassName=50R extRAM Member=extRAM_DQ2
Removed Member From Class: ClassName=50R extRAM Member=extRAM_DQ3
Removed Member From Class: ClassName=50R extRAM Member=extRAM_DQ4
Removed Member From Class: ClassName=50R extRAM Member=extRAM_DQ5
Removed Member From Class: ClassName=50R extRAM Member=extRAM_DQ6
Removed Member From Class: ClassName=50R extRAM Member=extRAM_DQ7
Removed Member From Class: ClassName=50R extRAM Member=extRAM_DQ8
Removed Member From Class: ClassName=50R extRAM Member=extRAM_DQ9
Removed Member From Class: ClassName=50R extRAM Member=extRAM_DQ10
Removed Member From Class: ClassName=50R extRAM Member=extRAM_DQ11
Removed Member From Class: ClassName=50R extRAM Member=extRAM_DQ12
Removed Member From Class: ClassName=50R extRAM Member=extRAM_DQ13
Removed Member From Class: ClassName=50R extRAM Member=extRAM_DQ14
Removed Member From Class: ClassName=50R extRAM Member=extRAM_DQ15
Added Class: Name=50R extRAM data
Added Class: Name=CAN1
Added Class: Name=CAN2_OUT
Added Class: Name=CAN2
Added Class: Name=CAN_OUT1
Added Class: Name=CANFD_OUT
Added Class: Name=CANFD
Added Rule: Name=Schematic Impedance Constraint
Added Rule: Name=Schematic Impedance Constraint_3
Added Rule: Name=Schematic Matched Net Lengths_1
Added Rule: Name=Schematic Matched Net Lengths_7
Added Class: Name=USB_DIFF_USB
Removed Member From Class: ClassName=USB_DIFF Member=USB_MCU
