Added Pin To Net: NetName=GND Pin=C44-1
Added Pin To Net: NetName=RTC_OUT Pin=C44-2
Added Pin To Net: NetName=GND Pin=C45-1
Added Pin To Net: NetName=RTC_IN Pin=C45-2
Added Pin To Net: NetName=GND Pin=U6-A1
Added Pin To Net: NetName=extRAM_CKE Pin=U6-A2
Added Pin To Net: NetName=extRAM_A8 Pin=U6-A4
Added Pin To Net: NetName=extRAM_A7 Pin=U6-A5
Added Pin To Net: NetName=extRAM_A4 Pin=U6-A6
Added Pin To Net: NetName=ETH_RXER Pin=U6-A11
Added Pin To Net: NetName=GND Pin=U6-A14
Added Pin To Net: NetName=extRAM_A6 Pin=U6-B1
Added Pin To Net: NetName=extRAM_A9 Pin=U6-B2
Added Pin To Net: NetName=extRAM_CLK Pin=U6-B3
Added Pin To Net: NetName=extRAM_A11 Pin=U6-B4
Added Pin To Net: NetName=GND Pin=U6-B5
Added Pin To Net: NetName=extRAM_A5 Pin=U6-B6
Added Pin To Net: NetName=TRACE1 Pin=U6-B8
Added Pin To Net: NetName=GND Pin=U6-B10
Added Pin To Net: NetName=ETH_RXD0 Pin=U6-B11
Added Pin To Net: NetName=IMU_nCS Pin=U6-B12
Added Pin To Net: NetName=LED_B Pin=U6-B14
Added Pin To Net: NetName=extRAM_BA0 Pin=U6-C1
Added Pin To Net: NetName=extRAM_A0 Pin=U6-C2
Added Pin To Net: NetName=extRAM_DQ14 Pin=U6-C3
Added Pin To Net: NetName=extRAM_DQ11 Pin=U6-C4
Added Pin To Net: NetName=extRAM_DQ9 Pin=U6-C5
Added Pin To Net: NetName=extRAM_DQ8 Pin=U6-C6
Added Pin To Net: NetName=TRACE0 Pin=U6-C8
Added Pin To Net: NetName=TRACE_CLK Pin=U6-C10
Added Pin To Net: NetName=ETH_RXD1 Pin=U6-C11
Added Pin To Net: NetName=IO3 Pin=U6-C12
Added Pin To Net: NetName=ETH_TXD0 Pin=U6-C14
Added Pin To Net: NetName=extRAM_nWE Pin=U6-D1
Added Pin To Net: NetName=extRAM_nRAS Pin=U6-D2
Added Pin To Net: NetName=extRAM_nCAS Pin=U6-D3
Added Pin To Net: NetName=extRAM_DQ12 Pin=U6-D4
Added Pin To Net: NetName=extRAM_DQ10 Pin=U6-D5
Added Pin To Net: NetName=extRAM_DM1 Pin=U6-D6
Added Pin To Net: NetName=ETH_MDC Pin=U6-D7
Added Pin To Net: NetName=ETH_INT Pin=U6-D8
Added Pin To Net: NetName=ETH_CRS_DV Pin=U6-D9
Added Pin To Net: NetName=ETH_TXD1 Pin=U6-D10
Added Pin To Net: NetName=IO2 Pin=U6-D12
Added Pin To Net: NetName=ETH_nRST Pin=U6-D14
Added Pin To Net: NetName=extRAM_nCS Pin=U6-E1
Added Pin To Net: NetName=GND Pin=U6-E2
Added Pin To Net: NetName=extRAM_DQ0 Pin=U6-E3
Added Pin To Net: NetName=extRAM_DQ15 Pin=U6-E4
Added Pin To Net: NetName=extRAM_DQ13 Pin=U6-E5
Added Pin To Net: NetName=NVCC_EMC Pin=U6-E6
Added Pin To Net: NetName=ETH_MDIO Pin=U6-E7
Added Pin To Net: NetName=NVCC_GPIO0 Pin=U6-E9
Added Pin To Net: NetName=ETH_TXEN Pin=U6-E10
Added Pin To Net: NetName=ETH_REF_CLK_50M Pin=U6-E11
Added Pin To Net: NetName=IO1 Pin=U6-E12
Added Pin To Net: NetName=GND Pin=U6-E13
Added Pin To Net: NetName=SWDIO Pin=U6-E14
Added Pin To Net: NetName=extRAM_BA1 Pin=U6-F1
Added Pin To Net: NetName=extRAM_DQ4 Pin=U6-F2
Added Pin To Net: NetName=extRAM_DQ1 Pin=U6-F3
Added Pin To Net: NetName=extRAM_DQ2 Pin=U6-F4
Added Pin To Net: NetName=NVCC_EMC Pin=U6-F5
Added Pin To Net: NetName=VDD_SOC_IN Pin=U6-F6
Added Pin To Net: NetName=VDD_SOC_IN Pin=U6-F7
Added Pin To Net: NetName=VDD_SOC_IN Pin=U6-F8
Added Pin To Net: NetName=VDD_SOC_IN Pin=U6-F9
Added Pin To Net: NetName=NVCC_GPIO1 Pin=U6-F10
Added Pin To Net: NetName=BOOT0 Pin=U6-F11
Added Pin To Net: NetName=SWCLK Pin=U6-F12
Added Pin To Net: NetName=extRAM_A1 Pin=U6-G1
Added Pin To Net: NetName=extRAM_A10 Pin=U6-G2
Added Pin To Net: NetName=extRAM_A2 Pin=U6-G3
Added Pin To Net: NetName=extRAM_DQ3 Pin=U6-G4
Added Pin To Net: NetName=extRAM_DQ5 Pin=U6-G5
Added Pin To Net: NetName=VDD_SOC_IN Pin=U6-G6
Added Pin To Net: NetName=GND Pin=U6-G7
Added Pin To Net: NetName=GND Pin=U6-G8
Added Pin To Net: NetName=VDD_SOC_IN Pin=U6-G9
Added Pin To Net: NetName=nRST Pin=U6-G10
Added Pin To Net: NetName=CAN2_RXD Pin=U6-G11
Added Pin To Net: NetName=ADC2_3 Pin=U6-G12
Added Pin To Net: NetName=SWO Pin=U6-G13
Added Pin To Net: NetName=BOOT1 Pin=U6-G14
Added Pin To Net: NetName=extRAM_A3 Pin=U6-H1
Added Pin To Net: NetName=USB_INTB Pin=U6-H2
Added Pin To Net: NetName=extRAM_DM0 Pin=U6-H3
Added Pin To Net: NetName=extRAM_DQ7 Pin=U6-H4
Added Pin To Net: NetName=extRAM_DQ6 Pin=U6-H5
Added Pin To Net: NetName=VDD_SOC_IN Pin=U6-H6
Added Pin To Net: NetName=GND Pin=U6-H7
Added Pin To Net: NetName=GND Pin=U6-H8
Added Pin To Net: NetName=VDD_SOC_IN Pin=U6-H9
Added Pin To Net: NetName=IMU_INT2 Pin=U6-H10
Added Pin To Net: NetName=ADC2_2 Pin=U6-H11
Added Pin To Net: NetName=ADC2_1 Pin=U6-H12
Added Pin To Net: NetName=LED_R Pin=U6-H13
Added Pin To Net: NetName=CAN_FD_TXD Pin=U6-H14
Added Pin To Net: NetName=IMU_MOSI Pin=U6-J1
Added Pin To Net: NetName=extFLASH_nCS Pin=U6-J3
Added Pin To Net: NetName=IMU_SCLK Pin=U6-J4
Added Pin To Net: NetName=VDD_SOC_IN Pin=U6-J5
Added Pin To Net: NetName=NVCC_SD0 Pin=U6-J6
Added Pin To Net: NetName=GND Pin=U6-J7
Added Pin To Net: NetName=GND Pin=U6-J8
Added Pin To Net: NetName=VDD_SOC_IN Pin=U6-J9
Added Pin To Net: NetName=NVCC_GPIO2 Pin=U6-J10
Added Pin To Net: NetName=USB_SCL Pin=U6-J11
Added Pin To Net: NetName=extFLASH_IO1 Pin=U6-J12
Added Pin To Net: NetName=ADC1_0 Pin=U6-J13
Added Pin To Net: NetName=IMU_MISO Pin=U6-K1
Added Pin To Net: NetName=GND Pin=U6-K2
Added Pin To Net: NetName=DCDC_PSWITCH Pin=U6-K3
Added Pin To Net: NetName=DCDC_IN Pin=U6-K4
Added Pin To Net: NetName=NVCC_SD1 Pin=U6-K5
Added Pin To Net: NetName=GND Pin=U6-K6
Added Pin To Net: NetName=VDD_USB_CAP Pin=U6-K8
Added Pin To Net: NetName=GND Pin=U6-K9
Added Pin To Net: NetName=extFLASH_IO0 Pin=U6-K10
Added Pin To Net: NetName=USB_SDA Pin=U6-K11
Added Pin To Net: NetName=GND Pin=U6-K13
Added Pin To Net: NetName=DCDC_IN Pin=U6-L1
Added Pin To Net: NetName=DCDC_IN Pin=U6-L2
Added Pin To Net: NetName=DAC_nCS Pin=U6-L3
Added Pin To Net: NetName=DAC_SCLK Pin=U6-L4
Added Pin To Net: NetName=extFLASH_IO3 Pin=U6-L5
Added Pin To Net: NetName=USB_MCU_P Pin=U6-L8
Added Pin To Net: NetName=GND Pin=U6-L9
Added Pin To Net: NetName=CAN_FD_RXD Pin=U6-L10
Added Pin To Net: NetName=ADC1_7 Pin=U6-L11
Added Pin To Net: NetName=DCDC_SWITCH Pin=U6-M1
Added Pin To Net: NetName=DCDC_SWITCH Pin=U6-M2
Added Pin To Net: NetName=CAN1_TXD Pin=U6-M3
Added Pin To Net: NetName=CAN1_RXD Pin=U6-M4
Added Pin To Net: NetName=extFLASH_IO2 Pin=U6-M5
Added Pin To Net: NetName=ONOFF Pin=U6-M6
Added Pin To Net: NetName=POR_B Pin=U6-M7
Added Pin To Net: NetName=USB_MCU_N Pin=U6-M8
Added Pin To Net: NetName=VDD_SNVS_IN Pin=U6-M9
Added Pin To Net: NetName=VDD_SNVS_CAP Pin=U6-M10
Added Pin To Net: NetName=CAN2_TXD Pin=U6-M11
Added Pin To Net: NetName=ADC1_8 Pin=U6-M12
Added Pin To Net: NetName=LED_G Pin=U6-M13
Added Pin To Net: NetName=IMU_INT1 Pin=U6-M14
Added Pin To Net: NetName=GND Pin=U6-N1
Added Pin To Net: NetName=GND Pin=U6-N2
Added Pin To Net: NetName=GND Pin=U6-N5
Added Pin To Net: NetName=USB_DETECT Pin=U6-N6
Added Pin To Net: NetName=GND Pin=U6-N8
Added Pin To Net: NetName=RTC_IN Pin=U6-N9
Added Pin To Net: NetName=VDDA_ADC_3P3 Pin=U6-N14
Added Pin To Net: NetName=GND Pin=U6-P1
Added Pin To Net: NetName=extFLASH_CLK Pin=U6-P2
Added Pin To Net: NetName=DAC_MOSI Pin=U6-P3
Added Pin To Net: NetName=VDD_HIGH_CAP Pin=U6-P8
Added Pin To Net: NetName=RTC_OUT Pin=U6-P9
Added Pin To Net: NetName=NVCC_PLL Pin=U6-P10
Added Pin To Net: NetName=XTAL_24MHz Pin=U6-P11
Added Pin To Net: NetName=VDD_HIGH_IN Pin=U6-P12
Added Pin To Net: NetName=GND Pin=U6-P14
Added Pin To Net: NetName=RTC_OUT Pin=X1-1
Added Pin To Net: NetName=RTC_IN Pin=X1-2
Added Pin To Net: NetName=3V3 Pin=X2-1
Added Pin To Net: NetName=GND Pin=X2-2
Added Pin To Net: NetName=3V3 Pin=X2-3
Added Pin To Net: NetName=XTAL_24MHz Pin=X2-4
Added Member To Class: ClassName=U_MCU Member=Component C44 6.8pF
Added Member To Class: ClassName=U_MCU Member=Component C45 6.8pF
Added Member To Class: ClassName=U_MCU Member=Component U6 MIMXRT1064CVL5B
Added Member To Class: ClassName=U_MCU Member=Component X1 32.768kHz
Added Member To Class: ClassName=U_MCU Member=Component X2 24.000MHz
Change Room Name: Old Name=BGA_USB_IC New Name=U_MCU
Change Room Scope: Old Scope=False New Scope=InComponentClass('U_MCU')
