Change Net Color : Net Name= 3V3 Old Net Color=Default New Net Color=RGB(153, 0, 0)
Change Net Color : Net Name= ETH_REF_CLK_50M Old Net Color=Default New Net Color=RGB(102, 0, 204)
Change Net Color : Net Name= ETH_RX_N Old Net Color=Default New Net Color=RGB(0, 51, 102)
Change Net Color : Net Name= ETH_RX_P Old Net Color=Default New Net Color=RGB(0, 51, 102)
Change Net Color : Net Name= ETH_RXD0 Old Net Color=Default New Net Color=RGB(102, 0, 204)
Change Net Color : Net Name= ETH_RXD1 Old Net Color=Default New Net Color=RGB(102, 0, 204)
Change Net Color : Net Name= ETH_TX_N Old Net Color=Default New Net Color=RGB(0, 51, 102)
Change Net Color : Net Name= ETH_TX_P Old Net Color=Default New Net Color=RGB(0, 51, 102)
Change Net Color : Net Name= ETH_TXD0 Old Net Color=Default New Net Color=RGB(102, 0, 204)
Change Net Color : Net Name= ETH_TXD1 Old Net Color=Default New Net Color=RGB(102, 0, 204)
Change Net Color : Net Name= extFLASH_CLK Old Net Color=Default New Net Color=RGB(102, 0, 102)
Change Net Color : Net Name= extFLASH_IO0 Old Net Color=Default New Net Color=RGB(255, 102, 255)
Change Net Color : Net Name= extFLASH_IO1 Old Net Color=Default New Net Color=RGB(255, 102, 255)
Change Net Color : Net Name= extFLASH_IO2 Old Net Color=Default New Net Color=RGB(255, 102, 255)
Change Net Color : Net Name= extFLASH_IO3 Old Net Color=Default New Net Color=RGB(255, 102, 255)
Change Net Color : Net Name= extRAM_A0 Old Net Color=Default New Net Color=RGB(204, 255, 102)
Change Net Color : Net Name= extRAM_A1 Old Net Color=Default New Net Color=RGB(204, 255, 102)
Change Net Color : Net Name= extRAM_A2 Old Net Color=Default New Net Color=RGB(204, 255, 102)
Change Net Color : Net Name= extRAM_A3 Old Net Color=Default New Net Color=RGB(204, 255, 102)
Change Net Color : Net Name= extRAM_A4 Old Net Color=Default New Net Color=RGB(204, 255, 102)
Change Net Color : Net Name= extRAM_A5 Old Net Color=Default New Net Color=RGB(204, 255, 102)
Change Net Color : Net Name= extRAM_A6 Old Net Color=Default New Net Color=RGB(204, 255, 102)
Change Net Color : Net Name= extRAM_A7 Old Net Color=Default New Net Color=RGB(204, 255, 102)
Change Net Color : Net Name= extRAM_A8 Old Net Color=Default New Net Color=RGB(204, 255, 102)
Change Net Color : Net Name= extRAM_A9 Old Net Color=Default New Net Color=RGB(204, 255, 102)
Change Net Color : Net Name= extRAM_A10 Old Net Color=Default New Net Color=RGB(204, 255, 102)
Change Net Color : Net Name= extRAM_A11 Old Net Color=Default New Net Color=RGB(204, 255, 102)
Change Net Color : Net Name= extRAM_BA0 Old Net Color=Default New Net Color=RGB(255, 204, 153)
Change Net Color : Net Name= extRAM_BA1 Old Net Color=Default New Net Color=RGB(255, 204, 153)
Change Net Color : Net Name= extRAM_CKE Old Net Color=Default New Net Color=RGB(255, 204, 153)
Change Net Color : Net Name= extRAM_CLK Old Net Color=Default New Net Color=RGB(255, 204, 153)
Change Net Color : Net Name= extRAM_DM0 Old Net Color=Default New Net Color=RGB(255, 204, 153)
Change Net Color : Net Name= extRAM_DM1 Old Net Color=Default New Net Color=RGB(255, 204, 153)
Change Net Color : Net Name= extRAM_DQ0 Old Net Color=Default New Net Color=RGB(204, 0, 153)
Change Net Color : Net Name= extRAM_DQ1 Old Net Color=Default New Net Color=RGB(204, 0, 153)
Change Net Color : Net Name= extRAM_DQ2 Old Net Color=Default New Net Color=RGB(204, 0, 153)
Change Net Color : Net Name= extRAM_DQ3 Old Net Color=Default New Net Color=RGB(204, 0, 153)
Change Net Color : Net Name= extRAM_DQ4 Old Net Color=Default New Net Color=RGB(204, 0, 153)
Change Net Color : Net Name= extRAM_DQ5 Old Net Color=Default New Net Color=RGB(204, 0, 153)
Change Net Color : Net Name= extRAM_DQ6 Old Net Color=Default New Net Color=RGB(204, 0, 153)
Change Net Color : Net Name= extRAM_DQ7 Old Net Color=Default New Net Color=RGB(204, 0, 153)
Change Net Color : Net Name= extRAM_DQ8 Old Net Color=Default New Net Color=RGB(204, 0, 153)
Change Net Color : Net Name= extRAM_DQ9 Old Net Color=Default New Net Color=RGB(204, 0, 153)
Change Net Color : Net Name= extRAM_DQ10 Old Net Color=Default New Net Color=RGB(204, 0, 153)
Change Net Color : Net Name= extRAM_DQ11 Old Net Color=Default New Net Color=RGB(204, 0, 153)
Change Net Color : Net Name= extRAM_DQ12 Old Net Color=Default New Net Color=RGB(204, 0, 153)
Change Net Color : Net Name= extRAM_DQ13 Old Net Color=Default New Net Color=RGB(204, 0, 153)
Change Net Color : Net Name= extRAM_DQ14 Old Net Color=Default New Net Color=RGB(204, 0, 153)
Change Net Color : Net Name= extRAM_DQ15 Old Net Color=Default New Net Color=RGB(204, 0, 153)
Change Net Color : Net Name= extRAM_nCAS Old Net Color=Default New Net Color=RGB(255, 204, 153)
Change Net Color : Net Name= extRAM_nCS Old Net Color=Default New Net Color=RGB(255, 204, 153)
Change Net Color : Net Name= extRAM_nRAS Old Net Color=Default New Net Color=RGB(255, 204, 153)
Change Net Color : Net Name= extRAM_nWE Old Net Color=Default New Net Color=RGB(255, 204, 153)
Change Net Color : Net Name= GND Old Net Color=Default New Net Color=RGB(0, 51, 0)
Change Net Color : Net Name= GND_USB Old Net Color=Default New Net Color=RGB(51, 51, 0)
Change Net Color : Net Name= IMU_INT1 Old Net Color=Default New Net Color=RGB(204, 51, 0)
Change Net Color : Net Name= IMU_INT2 Old Net Color=Default New Net Color=RGB(204, 51, 0)
Change Net Color : Net Name= IMU_MISO Old Net Color=Default New Net Color=RGB(204, 51, 0)
Change Net Color : Net Name= IMU_MOSI Old Net Color=Default New Net Color=RGB(204, 51, 0)
Change Net Color : Net Name= IMU_nCS Old Net Color=Default New Net Color=RGB(204, 51, 0)
Change Net Color : Net Name= IMU_SCLK Old Net Color=Default New Net Color=RGB(204, 51, 0)
Change Net Color : Net Name= nRST Old Net Color=Default New Net Color=RGB(51, 204, 255)
Change Net Color : Net Name= SWCLK Old Net Color=Default New Net Color=RGB(51, 204, 255)
Change Net Color : Net Name= SWDIO Old Net Color=Default New Net Color=RGB(51, 204, 255)
Change Net Color : Net Name= SWO Old Net Color=Default New Net Color=RGB(51, 204, 255)
Change Net Color : Net Name= TRACE0 Old Net Color=Default New Net Color=RGB(51, 204, 255)
Change Net Color : Net Name= TRACE1 Old Net Color=Default New Net Color=RGB(51, 204, 255)
Change Net Color : Net Name= TRACE_CLK Old Net Color=Default New Net Color=RGB(51, 204, 255)
Change Net Color : Net Name= USB_MCU_N Old Net Color=Default New Net Color=RGB(102, 51, 0)
Change Net Color : Net Name= USB_MCU_P Old Net Color=Default New Net Color=RGB(102, 51, 0)
Change Net Color : Net Name= USB_N Old Net Color=Default New Net Color=RGB(102, 51, 0)
Change Net Color : Net Name= USB_P Old Net Color=Default New Net Color=RGB(102, 51, 0)
Change Net Color : Net Name= Vin Old Net Color=Default New Net Color=RGB(102, 0, 51)
Change Net Color : Net Name= VUSB Old Net Color=Default New Net Color=RGB(153, 51, 102)
